<?xml version="1.0" encoding="UTF-8"?>
<testng-results ignored="0" total="1" passed="1" failed="0" skipped="0">
  <reporter-output>
  </reporter-output>
  <suite started-at="2022-06-02T16:35:40 IST" name="Default suite" finished-at="2022-06-02T16:36:44 IST" duration-ms="64020">
    <groups>
    </groups>
    <test started-at="2022-06-02T16:35:40 IST" name="Default test" finished-at="2022-06-02T16:36:44 IST" duration-ms="64020">
      <class name="com.resonance.screenshot.ScreenShotA">
        <test-method signature="takeScreenShot()[pri:0, instance:com.resonance.screenshot.ScreenShotA@50eac852]" started-at="2022-06-02T16:35:40 IST" name="takeScreenShot" finished-at="2022-06-02T16:36:44 IST" duration-ms="63866" status="PASS">
          <reporter-output>
          </reporter-output>
        </test-method> <!-- takeScreenShot -->
      </class> <!-- com.resonance.screenshot.ScreenShotA -->
    </test> <!-- Default test -->
  </suite> <!-- Default suite -->
</testng-results>
